<?xml version="1.0" encoding="UTF-8"?>
<testng-results skipped="0" failed="0" total="1" passed="1">
  <reporter-output>
  </reporter-output>
  <suite name="Default suite" duration-ms="109713" started-at="2017-02-12T18:25:10Z" finished-at="2017-02-12T18:27:00Z">
    <groups>
    </groups>
    <test name="Default test" duration-ms="109713" started-at="2017-02-12T18:25:10Z" finished-at="2017-02-12T18:27:00Z">
      <class name="Senarios_Cases1.VerifyAllLinksOnWLMpage">
        <test-method status="PASS" signature="openBrowser()[pri:0, instance:Senarios_Cases1.VerifyAllLinksOnWLMpage@6a2bcfcb]" name="openBrowser" is-config="true" duration-ms="7095" started-at="2017-02-12T23:55:10Z" finished-at="2017-02-12T23:55:17Z">
          <reporter-output>
          </reporter-output>
        </test-method> <!-- openBrowser -->
        <test-method status="PASS" signature="TC2_ClickOnExportToExcel()[pri:1, instance:Senarios_Cases1.VerifyAllLinksOnWLMpage@6a2bcfcb]" name="TC2_ClickOnExportToExcel" duration-ms="101852" started-at="2017-02-12T23:55:17Z" finished-at="2017-02-12T23:56:59Z">
          <reporter-output>
          </reporter-output>
        </test-method> <!-- TC2_ClickOnExportToExcel -->
        <test-method status="PASS" signature="closeBrowser()[pri:0, instance:Senarios_Cases1.VerifyAllLinksOnWLMpage@6a2bcfcb]" name="closeBrowser" is-config="true" duration-ms="748" started-at="2017-02-12T23:56:59Z" finished-at="2017-02-12T23:57:00Z">
          <reporter-output>
          </reporter-output>
        </test-method> <!-- closeBrowser -->
      </class> <!-- Senarios_Cases1.VerifyAllLinksOnWLMpage -->
    </test> <!-- Default test -->
  </suite> <!-- Default suite -->
</testng-results>
